# JRE version: OpenJDK Runtime Environment (11.0.12+7) (build 11.0.12+7-b1504.28-7817840)
# Java VM: OpenJDK 64-Bit Server VM (11.0.12+7-b1504.28-7817840, mixed mode, tiered, compressed oops, g1 gc, windows-amd64)
Heap:
 garbage-first heap   total 262144K, used 137216K [0x00000000a0000000, 0x0000000100000000)
  region size 1024K, 42 young (43008K), 8 survivors (8192K)
 Metaspace       used 91807K, capacity 94635K, committed 94716K, reserved 1130496K
  class space    used 12127K, capacity 13175K, committed 13184K, reserved 1048576K
GC Heap History (20 events):
Event: 23.590 GC heap before
{Heap before GC invocations=6 (full 0):
 garbage-first heap   total 262144K, used 77562K [0x00000000a0000000, 0x0000000100000000)
  region size 1024K, 66 young (67584K), 7 survivors (7168K)
 Metaspace       used 26822K, capacity 27470K, committed 27696K, reserved 1073152K
  class space    used 3484K, capacity 3703K, committed 3712K, reserved 1048576K
}
Event: 23.598 GC heap after
{Heap after GC invocations=7 (full 0):
 garbage-first heap   total 262144K, used 19866K [0x00000000a0000000, 0x0000000100000000)
  region size 1024K, 4 young (4096K), 4 survivors (4096K)
 Metaspace       used 26822K, capacity 27470K, committed 27696K, reserved 1073152K
  class space    used 3484K, capacity 3703K, committed 3712K, reserved 1048576K
}
Event: 33.094 GC heap before
{Heap before GC invocations=7 (full 0):
 garbage-first heap   total 262144K, used 74138K [0x00000000a0000000, 0x0000000100000000)
  region size 1024K, 58 young (59392K), 4 survivors (4096K)
 Metaspace       used 34834K, capacity 35584K, committed 35708K, reserved 1081344K
  class space    used 4495K, capacity 4812K, committed 4864K, reserved 1048576K
}
Event: 33.106 GC heap after
{Heap after GC invocations=8 (full 0):
 garbage-first heap   total 262144K, used 22703K [0x00000000a0000000, 0x0000000100000000)
  region size 1024K, 6 young (6144K), 6 survivors (6144K)
 Metaspace       used 34834K, capacity 35584K, committed 35708K, reserved 1081344K
  class space    used 4495K, capacity 4812K, committed 4864K, reserved 1048576K
}
Event: 43.852 GC heap before
{Heap before GC invocations=9 (full 0):
 garbage-first heap   total 262144K, used 129199K [0x00000000a0000000, 0x0000000100000000)
  region size 1024K, 107 young (109568K), 6 survivors (6144K)
 Metaspace       used 43871K, capacity 44872K, committed 45052K, reserved 1089536K
  class space    used 5556K, capacity 5933K, committed 6016K, reserved 1048576K
}
Event: 43.868 GC heap after
{Heap after GC invocations=10 (full 0):
 garbage-first heap   total 262144K, used 29318K [0x00000000a0000000, 0x0000000100000000)
  region size 1024K, 13 young (13312K), 13 survivors (13312K)
 Metaspace       used 43871K, capacity 44872K, committed 45052K, reserved 1089536K
  class space    used 5556K, capacity 5933K, committed 6016K, reserved 1048576K
}
Event: 104.438 GC heap before
{Heap before GC invocations=10 (full 0):
 garbage-first heap   total 262144K, used 160390K [0x00000000a0000000, 0x0000000100000000)
  region size 1024K, 132 young (135168K), 13 survivors (13312K)
 Metaspace       used 50455K, capacity 51893K, committed 52092K, reserved 1095680K
  class space    used 6405K, capacity 6906K, committed 6912K, reserved 1048576K
}
Event: 104.457 GC heap after
{Heap after GC invocations=11 (full 0):
 garbage-first heap   total 262144K, used 48856K [0x00000000a0000000, 0x0000000100000000)
  region size 1024K, 17 young (17408K), 17 survivors (17408K)
 Metaspace       used 50455K, capacity 51893K, committed 52092K, reserved 1095680K
  class space    used 6405K, capacity 6906K, committed 6912K, reserved 1048576K
}
Event: 114.959 GC heap before
{Heap before GC invocations=11 (full 0):
 garbage-first heap   total 262144K, used 107224K [0x00000000a0000000, 0x0000000100000000)
  region size 1024K, 75 young (76800K), 17 survivors (17408K)
 Metaspace       used 58232K, capacity 59783K, committed 59900K, reserved 1101824K
  class space    used 7392K, capacity 7976K, committed 8064K, reserved 1048576K
}
Event: 114.976 GC heap after
{Heap after GC invocations=12 (full 0):
 garbage-first heap   total 262144K, used 51816K [0x00000000a0000000, 0x0000000100000000)
  region size 1024K, 3 young (3072K), 3 survivors (3072K)
 Metaspace       used 58232K, capacity 59783K, committed 59900K, reserved 1101824K
  class space    used 7392K, capacity 7976K, committed 8064K, reserved 1048576K
}
Event: 128.137 GC heap before
{Heap before GC invocations=13 (full 0):
 garbage-first heap   total 262144K, used 168552K [0x00000000a0000000, 0x0000000100000000)
  region size 1024K, 117 young (119808K), 3 survivors (3072K)
 Metaspace       used 67159K, capacity 68845K, committed 68988K, reserved 1110016K
  class space    used 8522K, capacity 9147K, committed 9216K, reserved 1048576K
}
Event: 128.150 GC heap after
{Heap after GC invocations=14 (full 0):
 garbage-first heap   total 262144K, used 57695K [0x00000000a0000000, 0x0000000100000000)
  region size 1024K, 9 young (9216K), 9 survivors (9216K)
 Metaspace       used 67159K, capacity 68845K, committed 68988K, reserved 1110016K
  class space    used 8522K, capacity 9147K, committed 9216K, reserved 1048576K
}
Event: 139.757 GC heap before
{Heap before GC invocations=14 (full 0):
 garbage-first heap   total 262144K, used 179551K [0x00000000a0000000, 0x0000000100000000)
  region size 1024K, 126 young (129024K), 9 survivors (9216K)
 Metaspace       used 69702K, capacity 71717K, committed 71932K, reserved 1112064K
  class space    used 8876K, capacity 9568K, committed 9600K, reserved 1048576K
}
Event: 139.773 GC heap after
{Heap after GC invocations=15 (full 0):
 garbage-first heap   total 262144K, used 71680K [0x00000000a0000000, 0x0000000100000000)
  region size 1024K, 16 young (16384K), 16 survivors (16384K)
 Metaspace       used 69702K, capacity 71717K, committed 71932K, reserved 1112064K
  class space    used 8876K, capacity 9568K, committed 9600K, reserved 1048576K
}
Event: 152.921 GC heap before
{Heap before GC invocations=15 (full 0):
 garbage-first heap   total 262144K, used 187392K [0x00000000a0000000, 0x0000000100000000)
  region size 1024K, 129 young (132096K), 16 survivors (16384K)
 Metaspace       used 76964K, capacity 79164K, committed 79356K, reserved 1118208K
  class space    used 10064K, capacity 10880K, committed 10880K, reserved 1048576K
}
Event: 152.943 GC heap after
{Heap after GC invocations=16 (full 0):
 garbage-first heap   total 262144K, used 81920K [0x00000000a0000000, 0x0000000100000000)
  region size 1024K, 10 young (10240K), 10 survivors (10240K)
 Metaspace       used 76964K, capacity 79164K, committed 79356K, reserved 1118208K
  class space    used 10064K, capacity 10880K, committed 10880K, reserved 1048576K
}
Event: 174.297 GC heap before
{Heap before GC invocations=16 (full 0):
 garbage-first heap   total 262144K, used 195584K [0x00000000a0000000, 0x0000000100000000)
  region size 1024K, 119 young (121856K), 10 survivors (10240K)
 Metaspace       used 85775K, capacity 88195K, committed 88444K, reserved 1126400K
  class space    used 11292K, capacity 12163K, committed 12288K, reserved 1048576K
}
Event: 174.317 GC heap after
{Heap after GC invocations=17 (full 0):
 garbage-first heap   total 262144K, used 96203K [0x00000000a0000000, 0x0000000100000000)
  region size 1024K, 12 young (12288K), 12 survivors (12288K)
 Metaspace       used 85775K, capacity 88195K, committed 88444K, reserved 1126400K
  class space    used 11292K, capacity 12163K, committed 12288K, reserved 1048576K
}
Event: 376.974 GC heap before
{Heap before GC invocations=17 (full 0):
 garbage-first heap   total 262144K, used 198603K [0x00000000a0000000, 0x0000000100000000)
  region size 1024K, 113 young (115712K), 12 survivors (12288K)
 Metaspace       used 90219K, capacity 93149K, committed 93436K, reserved 1130496K
  class space    used 11994K, capacity 13071K, committed 13184K, reserved 1048576K
}
Event: 376.995 GC heap after
{Heap after GC invocations=18 (full 0):
 garbage-first heap   total 262144K, used 104448K [0x00000000a0000000, 0x0000000100000000)
  region size 1024K, 8 young (8192K), 8 survivors (8192K)
 Metaspace       used 90219K, capacity 93149K, committed 93436K, reserved 1130496K
  class space    used 11994K, capacity 13071K, committed 13184K, reserved 1048576K
}

